eeschema (2012-01-19 BZR 3256)-stable  >> Creation date: 7/24/2012 9:51:06 PM

#Cmp ( order = Reference )
| AFF1       7SEGMENTS_2DIGIT
| BT1        BATTERY     
| C1         0.1µF      
| C3         0.1µF      
| SW1        SW_PUSH     
| U1         PIC16LF1826 
| U2         MCP9700A    
| U3         TS3A4741DCNR
#End Cmp

#Cmp ( order = Value )
| 0.1µF       C1        
| 0.1µF       C3        
| 7SEGMENTS_2DIGIT AFF1      
| BATTERY      BT1       
| MCP9700A     U2        
| PIC16LF1826  U1        
| SW_PUSH      SW1       
| TS3A4741DCNR U3        
#End Cmp

#End List
